<?xml version="1.0" encoding="UTF-8"?>
<testsuite name="com.example.subscriptions.web.controller.ObligationControllerTest" tests="1" skipped="0" failures="0" errors="0" timestamp="2026-07-04T16:27:36.651Z" hostname="ZANcomp" time="0.231">
  <properties/>
  <testcase name="shouldReturnWarningFieldOnDuplicateCreate()" classname="com.example.subscriptions.web.controller.ObligationControllerTest" time="0.231"/>
  <system-out><![CDATA[19:27:35.243 [Test worker] INFO org.springframework.test.context.support.AnnotationConfigContextLoaderUtils -- Could not detect default configuration classes for test class [com.example.subscriptions.web.controller.ObligationControllerTest]: ObligationControllerTest does not declare any static, non-private, non-final, nested classes annotated with @Configuration.
19:27:35.422 [Test worker] INFO org.springframework.boot.test.context.SpringBootTestContextBootstrapper -- Found @SpringBootConfiguration com.example.subscriptions.SmartSubscriptionsApplication for test class com.example.subscriptions.web.controller.ObligationControllerTest

  .   ____          _            __ _ _
 /\\ / ___'_ __ _ _(_)_ __  __ _ \ \ \ \
( ( )\___ | '_ | '_| | '_ \/ _` | \ \ \ \
 \\/  ___)| |_)| | | | | || (_| |  ) ) ) )
  '  |____| .__|_| |_|_| |_\__, | / / / /
 =========|_|==============|___/=/_/_/_/

 :: Spring Boot ::                (v3.5.3)

2026-07-04T19:27:35.807+03:00  INFO 6019 --- [smart-subscriptions] [    Test worker] c.e.s.w.c.ObligationControllerTest       : Starting ObligationControllerTest using Java 21.0.10 with PID 6019 (started by nikolay in /home/nikolay/study/dev_java/smart-subscriptions)
2026-07-04T19:27:35.809+03:00  INFO 6019 --- [smart-subscriptions] [    Test worker] c.e.s.w.c.ObligationControllerTest       : No active profile set, falling back to 1 default profile: "default"
2026-07-04T19:27:36.617+03:00  INFO 6019 --- [smart-subscriptions] [    Test worker] o.s.b.t.m.w.SpringBootMockServletContext : Initializing Spring TestDispatcherServlet ''
2026-07-04T19:27:36.618+03:00  INFO 6019 --- [smart-subscriptions] [    Test worker] o.s.t.web.servlet.TestDispatcherServlet  : Initializing Servlet ''
2026-07-04T19:27:36.621+03:00  INFO 6019 --- [smart-subscriptions] [    Test worker] o.s.t.web.servlet.TestDispatcherServlet  : Completed initialization in 1 ms
2026-07-04T19:27:36.644+03:00  INFO 6019 --- [smart-subscriptions] [    Test worker] c.e.s.w.c.ObligationControllerTest       : Started ObligationControllerTest in 1.173 seconds (process running for 3.155)
]]></system-out>
  <system-err><![CDATA[]]></system-err>
</testsuite>
